Сборка начата 31.10.2023 03:50:46.
Уровень детализации журнала: Normal.     1>Проект "C:\Users\yana\Desktop\lab_19\lab_19\lab_19.vcxproj" в узле 2 (целевые объекты Build).
     1>InitializeBuildStatus:
         Обращение к "x64\Debug\lab_19.tlog\unsuccessfulbuild".
       _MASM:
         Assembling LP_asm.asm...
         cmd.exe /C "C:\Users\yana\AppData\Local\Temp\tmpd9258504febd4a5fa8885eaa6e77bbef.cmd"
         ml64.exe /c /nologo /Zi /Fo"x64\Debug\LP_asm.obj" /Fl"x64\Debug\\" /W3 /errorReport:prompt  /TaLP_asm.asm
     1>LP_asm.asm(1): error A2008: syntax error : .
     1>LP_asm.asm(2): error A2008: syntax error : .
     1>LP_asm.asm(8): error A2008: syntax error : .
     1>LP_asm.asm(22): error A2008: syntax error : MessageBoxA
     1>LP_asm.asm(28): error A2008: syntax error : main
     1>LP_asm.asm(28): error A2088: END directive required at end of file
     1>C:\Program Files\Microsoft Visual Studio\2022\Enterprise\MSBuild\Microsoft\VC\v170\BuildCustomizations\masm.targets(70,5): error MSB3721: выход из команды "ml64.exe /c /nologo /Zi /Fo"x64\Debug\LP_asm.obj" /Fl"x64\Debug\\" /W3 /errorReport:prompt  /TaLP_asm.asm" с кодом "1".
     1>Сборка проекта "C:\Users\yana\Desktop\lab_19\lab_19\lab_19.vcxproj" завершена (целевые объекты Build) с ошибкой.

Ошибка сборки.

       "C:\Users\yana\Desktop\lab_19\lab_19\lab_19.vcxproj" (целевой объект Build ) (1) ->
       (Целевой объект _MASM) -> 
         LP_asm.asm(1): error A2008: syntax error : .
         LP_asm.asm(2): error A2008: syntax error : .
         LP_asm.asm(8): error A2008: syntax error : .
         LP_asm.asm(22): error A2008: syntax error : MessageBoxA
         LP_asm.asm(28): error A2008: syntax error : main
         LP_asm.asm(28): error A2088: END directive required at end of file
         C:\Program Files\Microsoft Visual Studio\2022\Enterprise\MSBuild\Microsoft\VC\v170\BuildCustomizations\masm.targets(70,5): error MSB3721: выход из команды "ml64.exe /c /nologo /Zi /Fo"x64\Debug\LP_asm.obj" /Fl"x64\Debug\\" /W3 /errorReport:prompt  /TaLP_asm.asm" с кодом "1".

    Предупреждений: 0
    Ошибок: 7

Прошло времени 00:00:00.32
